<?xml version="1.0" encoding="UTF-8"?>
<testng-results ignored="0" total="1" passed="1" failed="0" skipped="0">
  <reporter-output>
  </reporter-output>
  <suite started-at="2023-12-11T13:16:22 IST" name="Default suite" finished-at="2023-12-11T13:16:24 IST" duration-ms="1620">
    <groups>
    </groups>
    <test started-at="2023-12-11T13:16:22 IST" name="Default test" finished-at="2023-12-11T13:16:24 IST" duration-ms="1620">
      <class name="studentAPITest.PostAPITest">
        <test-method is-config="true" signature="baseTest()[pri:0, instance:studentAPITest.PostAPITest@229c6181]" started-at="2023-12-11T13:16:22 IST" name="baseTest" finished-at="2023-12-11T13:16:23 IST" duration-ms="337" status="PASS">
          <reporter-output>
          </reporter-output>
        </test-method> <!-- baseTest -->
        <test-method signature="validPostAPITest()[pri:0, instance:studentAPITest.PostAPITest@229c6181]" started-at="2023-12-11T13:16:23 IST" name="validPostAPITest" finished-at="2023-12-11T13:16:24 IST" duration-ms="1084" status="PASS">
          <reporter-output>
          </reporter-output>
        </test-method> <!-- validPostAPITest -->
      </class> <!-- studentAPITest.PostAPITest -->
    </test> <!-- Default test -->
  </suite> <!-- Default suite -->
</testng-results>
